app/build/intermediates/manifest_merge_blame_file/release/manifest-merger-blame-release-report.txt
1<?xml version="1.0" encoding="utf-8"?>
2<manifest xmlns:android="http://schemas.android.com/apk/res/android"
3    package="com.emergency.mesh"
4    android:versionCode="1"
5    android:versionName="1.0" >
6
7    <uses-sdk
8        android:minSdkVersion="26"
9        android:targetSdkVersion="34" />
10
11    <!-- Bluetooth permissions -->
12    <uses-permission android:name="android.permission.BLUETOOTH" />
12-->src/main/AndroidManifest.xml:6:5-68
12-->src/main/AndroidManifest.xml:6:22-65
13    <uses-permission android:name="android.permission.BLUETOOTH_ADMIN" />
13-->src/main/AndroidManifest.xml:7:5-74
13-->src/main/AndroidManifest.xml:7:22-71
14    <uses-permission
14-->src/main/AndroidManifest.xml:8:5-10:31
15        android:name="android.permission.BLUETOOTH_SCAN"
15-->src/main/AndroidManifest.xml:8:22-70
16        android:usesPermissionFlags="neverForLocation" />
16-->src/main/AndroidManifest.xml:9:9-55
17    <uses-permission android:name="android.permission.BLUETOOTH_ADVERTISE" />
17-->src/main/AndroidManifest.xml:11:5-12:31
17-->src/main/AndroidManifest.xml:11:22-75
18    <uses-permission android:name="android.permission.BLUETOOTH_CONNECT" />
18-->src/main/AndroidManifest.xml:13:5-14:31
18-->src/main/AndroidManifest.xml:13:22-73
19
20    <!-- Wi-Fi Direct permissions -->
21    <uses-permission android:name="android.permission.ACCESS_WIFI_STATE" />
21-->src/main/AndroidManifest.xml:17:5-76
21-->src/main/AndroidManifest.xml:17:22-73
22    <uses-permission android:name="android.permission.CHANGE_WIFI_STATE" />
22-->src/main/AndroidManifest.xml:18:5-76
22-->src/main/AndroidManifest.xml:18:22-73
23    <uses-permission android:name="android.permission.CHANGE_NETWORK_STATE" />
23-->src/main/AndroidManifest.xml:19:5-79
23-->src/main/AndroidManifest.xml:19:22-76
24    <uses-permission android:name="android.permission.ACCESS_NETWORK_STATE" />
24-->src/main/AndroidManifest.xml:20:5-79
24-->src/main/AndroidManifest.xml:20:22-76
25
26    <!-- Location permissions (required for BLE and Wi-Fi Direct scanning) -->
27    <uses-permission android:name="android.permission.ACCESS_FINE_LOCATION" />
27-->src/main/AndroidManifest.xml:23:5-79
27-->src/main/AndroidManifest.xml:23:22-76
28    <uses-permission android:name="android.permission.ACCESS_COARSE_LOCATION" />
28-->src/main/AndroidManifest.xml:24:5-81
28-->src/main/AndroidManifest.xml:24:22-78
29
30    <!-- Nearby Wi-Fi devices (Android 13+) -->
31    <uses-permission
31-->src/main/AndroidManifest.xml:27:5-29:38
32        android:name="android.permission.NEARBY_WIFI_DEVICES"
32-->src/main/AndroidManifest.xml:27:22-75
33        android:usesPermissionFlags="neverForLocation" />
33-->src/main/AndroidManifest.xml:28:9-55
34
35    <!-- Audio recording for voice messages -->
36    <uses-permission android:name="android.permission.RECORD_AUDIO" />
36-->src/main/AndroidManifest.xml:32:5-71
36-->src/main/AndroidManifest.xml:32:22-68
37
38    <!-- Foreground service for background mesh operations -->
39    <uses-permission android:name="android.permission.FOREGROUND_SERVICE" />
39-->src/main/AndroidManifest.xml:35:5-77
39-->src/main/AndroidManifest.xml:35:22-74
40    <uses-permission android:name="android.permission.FOREGROUND_SERVICE_LOCATION" />
40-->src/main/AndroidManifest.xml:36:5-37:32
40-->src/main/AndroidManifest.xml:36:22-83
41
42    <!-- Post notifications (Android 13+) -->
43    <uses-permission android:name="android.permission.POST_NOTIFICATIONS" />
43-->src/main/AndroidManifest.xml:40:5-41:38
43-->src/main/AndroidManifest.xml:40:22-74
44
45    <!-- Hardware features -->
46    <uses-feature
46-->src/main/AndroidManifest.xml:44:5-90
47        android:name="android.hardware.bluetooth_le"
47-->src/main/AndroidManifest.xml:44:19-63
48        android:required="true" />
48-->src/main/AndroidManifest.xml:44:64-87
49    <uses-feature
49-->src/main/AndroidManifest.xml:45:5-90
50        android:name="android.hardware.wifi.direct"
50-->src/main/AndroidManifest.xml:45:19-62
51        android:required="false" />
51-->src/main/AndroidManifest.xml:45:63-87
52    <uses-feature
52-->src/main/AndroidManifest.xml:46:5-91
53        android:name="android.hardware.location.gps"
53-->src/main/AndroidManifest.xml:46:19-63
54        android:required="false" />
54-->src/main/AndroidManifest.xml:46:64-88
55
56    <permission
56-->[androidx.core:core:1.12.0] AndroidManifest.xml:22:5-24:47
57        android:name="com.emergency.mesh.DYNAMIC_RECEIVER_NOT_EXPORTED_PERMISSION"
57-->[androidx.core:core:1.12.0] AndroidManifest.xml:23:9-81
58        android:protectionLevel="signature" />
58-->[androidx.core:core:1.12.0] AndroidManifest.xml:24:9-44
59
60    <uses-permission android:name="com.emergency.mesh.DYNAMIC_RECEIVER_NOT_EXPORTED_PERMISSION" />
60-->[androidx.core:core:1.12.0] AndroidManifest.xml:26:5-97
60-->[androidx.core:core:1.12.0] AndroidManifest.xml:26:22-94
61
62    <application
62-->src/main/AndroidManifest.xml:48:5-73:19
63        android:allowBackup="false"
63-->src/main/AndroidManifest.xml:49:9-36
64        android:appComponentFactory="androidx.core.app.CoreComponentFactory"
64-->[androidx.core:core:1.12.0] AndroidManifest.xml:28:18-86
65        android:extractNativeLibs="false"
66        android:icon="@android:drawable/ic_dialog_alert"
66-->src/main/AndroidManifest.xml:50:9-57
67        android:label="@string/app_name"
67-->src/main/AndroidManifest.xml:51:9-41
68        android:roundIcon="@android:drawable/ic_dialog_alert"
68-->src/main/AndroidManifest.xml:52:9-62
69        android:supportsRtl="true"
69-->src/main/AndroidManifest.xml:53:9-35
70        android:theme="@style/Theme.EmergencyMesh" >
70-->src/main/AndroidManifest.xml:54:9-51
71        <activity
71-->src/main/AndroidManifest.xml:57:9-65:20
72            android:name="com.emergency.mesh.MainActivity"
72-->src/main/AndroidManifest.xml:58:13-41
73            android:exported="true"
73-->src/main/AndroidManifest.xml:59:13-36
74            android:screenOrientation="portrait" >
74-->src/main/AndroidManifest.xml:60:13-49
75            <intent-filter>
75-->src/main/AndroidManifest.xml:61:13-64:29
76                <action android:name="android.intent.action.MAIN" />
76-->src/main/AndroidManifest.xml:62:17-69
76-->src/main/AndroidManifest.xml:62:25-66
77
78                <category android:name="android.intent.category.LAUNCHER" />
78-->src/main/AndroidManifest.xml:63:17-77
78-->src/main/AndroidManifest.xml:63:27-74
79            </intent-filter>
80        </activity>
81
82        <service
82-->src/main/AndroidManifest.xml:67:9-71:56
83            android:name="com.emergency.mesh.services.MeshService"
83-->src/main/AndroidManifest.xml:68:13-49
84            android:enabled="true"
84-->src/main/AndroidManifest.xml:69:13-35
85            android:exported="false"
85-->src/main/AndroidManifest.xml:70:13-37
86            android:foregroundServiceType="location" />
86-->src/main/AndroidManifest.xml:71:13-53
87
88        <provider
88-->[androidx.emoji2:emoji2:1.2.0] AndroidManifest.xml:24:9-32:20
89            android:name="androidx.startup.InitializationProvider"
89-->[androidx.emoji2:emoji2:1.2.0] AndroidManifest.xml:25:13-67
90            android:authorities="com.emergency.mesh.androidx-startup"
90-->[androidx.emoji2:emoji2:1.2.0] AndroidManifest.xml:26:13-68
91            android:exported="false" >
91-->[androidx.emoji2:emoji2:1.2.0] AndroidManifest.xml:27:13-37
92            <meta-data
92-->[androidx.emoji2:emoji2:1.2.0] AndroidManifest.xml:29:13-31:52
93                android:name="androidx.emoji2.text.EmojiCompatInitializer"
93-->[androidx.emoji2:emoji2:1.2.0] AndroidManifest.xml:30:17-75
94                android:value="androidx.startup" />
94-->[androidx.emoji2:emoji2:1.2.0] AndroidManifest.xml:31:17-49
95            <meta-data
95-->[androidx.lifecycle:lifecycle-process:2.6.1] AndroidManifest.xml:29:13-31:52
96                android:name="androidx.lifecycle.ProcessLifecycleInitializer"
96-->[androidx.lifecycle:lifecycle-process:2.6.1] AndroidManifest.xml:30:17-78
97                android:value="androidx.startup" />
97-->[androidx.lifecycle:lifecycle-process:2.6.1] AndroidManifest.xml:31:17-49
98            <meta-data
98-->[androidx.profileinstaller:profileinstaller:1.3.0] AndroidManifest.xml:29:13-31:52
99                android:name="androidx.profileinstaller.ProfileInstallerInitializer"
99-->[androidx.profileinstaller:profileinstaller:1.3.0] AndroidManifest.xml:30:17-85
100                android:value="androidx.startup" />
100-->[androidx.profileinstaller:profileinstaller:1.3.0] AndroidManifest.xml:31:17-49
101        </provider>
102
103        <activity
103-->[com.google.android.gms:play-services-base:18.1.0] AndroidManifest.xml:20:9-22:45
104            android:name="com.google.android.gms.common.api.GoogleApiActivity"
104-->[com.google.android.gms:play-services-base:18.1.0] AndroidManifest.xml:20:19-85
105            android:exported="false"
105-->[com.google.android.gms:play-services-base:18.1.0] AndroidManifest.xml:22:19-43
106            android:theme="@android:style/Theme.Translucent.NoTitleBar" />
106-->[com.google.android.gms:play-services-base:18.1.0] AndroidManifest.xml:21:19-78
107
108        <meta-data
108-->[com.google.android.gms:play-services-basement:18.1.0] AndroidManifest.xml:21:9-23:69
109            android:name="com.google.android.gms.version"
109-->[com.google.android.gms:play-services-basement:18.1.0] AndroidManifest.xml:22:13-58
110            android:value="@integer/google_play_services_version" />
110-->[com.google.android.gms:play-services-basement:18.1.0] AndroidManifest.xml:23:13-66
111
112        <receiver
112-->[androidx.profileinstaller:profileinstaller:1.3.0] AndroidManifest.xml:34:9-52:20
113            android:name="androidx.profileinstaller.ProfileInstallReceiver"
113-->[androidx.profileinstaller:profileinstaller:1.3.0] AndroidManifest.xml:35:13-76
114            android:directBootAware="false"
114-->[androidx.profileinstaller:profileinstaller:1.3.0] AndroidManifest.xml:36:13-44
115            android:enabled="true"
115-->[androidx.profileinstaller:profileinstaller:1.3.0] AndroidManifest.xml:37:13-35
116            android:exported="true"
116-->[androidx.profileinstaller:profileinstaller:1.3.0] AndroidManifest.xml:38:13-36
117            android:permission="android.permission.DUMP" >
117-->[androidx.profileinstaller:profileinstaller:1.3.0] AndroidManifest.xml:39:13-57
118            <intent-filter>
118-->[androidx.profileinstaller:profileinstaller:1.3.0] AndroidManifest.xml:40:13-42:29
119                <action android:name="androidx.profileinstaller.action.INSTALL_PROFILE" />
119-->[androidx.profileinstaller:profileinstaller:1.3.0] AndroidManifest.xml:41:17-91
119-->[androidx.profileinstaller:profileinstaller:1.3.0] AndroidManifest.xml:41:25-88
120            </intent-filter>
121            <intent-filter>
121-->[androidx.profileinstaller:profileinstaller:1.3.0] AndroidManifest.xml:43:13-45:29
122                <action android:name="androidx.profileinstaller.action.SKIP_FILE" />
122-->[androidx.profileinstaller:profileinstaller:1.3.0] AndroidManifest.xml:44:17-85
122-->[androidx.profileinstaller:profileinstaller:1.3.0] AndroidManifest.xml:44:25-82
123            </intent-filter>
124            <intent-filter>
124-->[androidx.profileinstaller:profileinstaller:1.3.0] AndroidManifest.xml:46:13-48:29
125                <action android:name="androidx.profileinstaller.action.SAVE_PROFILE" />
125-->[androidx.profileinstaller:profileinstaller:1.3.0] AndroidManifest.xml:47:17-88
125-->[androidx.profileinstaller:profileinstaller:1.3.0] AndroidManifest.xml:47:25-85
126            </intent-filter>
127            <intent-filter>
127-->[androidx.profileinstaller:profileinstaller:1.3.0] AndroidManifest.xml:49:13-51:29
128                <action android:name="androidx.profileinstaller.action.BENCHMARK_OPERATION" />
128-->[androidx.profileinstaller:profileinstaller:1.3.0] AndroidManifest.xml:50:17-95
128-->[androidx.profileinstaller:profileinstaller:1.3.0] AndroidManifest.xml:50:25-92
129            </intent-filter>
130        </receiver>
131    </application>
132
133</manifest>